<html>
<body>
<pre>
<h1>Vision Build Log</h1>
<h2>Project:</h2>
D:\翻译\修改后版本\XA3_Blaster_GPS\KeilMDK\Blaster.uvproj
Project File Date:  03/10/2020

<h2>Output:</h2>
Build target 'Blaster'
compiling stm32f4xx_it.c...
linking...
Program Size: Code=454228 RO-data=334460 RW-data=5840 ZI-data=76880  
FromELF: creating hex file...
".\obj\CPU.axf" - 0 Error(s), 0 Warning(s).
Load "D:\\翻译\\修改后版本\\XA3_Blaster_GPS\\KeilMDK\\obj\\CPU.axf" 
Set JLink Project File to "D:\翻译\修改后版本\XA3_Blaster_GPS\KeilMDK\JLinkSettings.ini"
* JLink Info: Device "STM32F407IG" selected (1024 KB flash, 128 KB RAM).
 
JLink info:
------------
DLL: V4.40b, compiled Dec 22 2011 10:54:45
Firmware: J-Link V9 compiled Sep  1 2016 18:29:50
Hardware: V9.60
S/N : 69613334 
Feature(s) : RDI, GDB, FlashDL, FlashBP, JFlash 
 
Error: Flash Download failed  -  Target DLL has been cancelled
Load "D:\\翻译\\修改后版本\\XA3_Blaster_GPS\\KeilMDK\\obj\\CPU.axf" 
Set JLink Project File to "D:\翻译\修改后版本\XA3_Blaster_GPS\KeilMDK\JLinkSettings.ini"
* JLink Info: Device "STM32F407IG" selected (1024 KB flash, 128 KB RAM).
 
JLink info:
------------
DLL: V4.40b, compiled Dec 22 2011 10:54:45
Firmware: J-Link V9 compiled Sep  1 2016 18:29:50
Hardware: V9.60
S/N : 69613334 
Feature(s) : RDI, GDB, FlashDL, FlashBP, JFlash 
 
* JLink Info: Found SWD-DP with ID 0x2BA01477
* JLink Info: TPIU fitted.
* JLink Info: ETM fitted.
* JLink Info:   FPUnit: 6 code (BP) slots and 2 literal slots
* JLink Info: Found Cortex-M4 r0p1, Little endian.
ROMTableAddr = 0xE00FF003
* JLink Info: Found SWD-DP with ID 0x2BA01477
* JLink Info: TPIU fitted.
* JLink Info: ETM fitted.
* JLink Info:   FPUnit: 6 code (BP) slots and 2 literal slots
* JLink Info: Found Cortex-M4 r0p1, Little endian.
 
Target info:
------------
Device: STM32F407IG
VTarget = 3.221V
State of Pins: 
TCK: 0, TDI: 1, TDO: 1, TMS: 1, TRES: 1, TRST: 1
Hardware-Breakpoints: 6
Software-Breakpoints: 8192
Watchpoints:          4
JTAG speed: 1000 kHz
 
Erase Done.
Programming Done.
Verify OK.
* JLink Info: Found SWD-DP with ID 0x2BA01477
* JLink Info: TPIU fitted.
* JLink Info: ETM fitted.
* JLink Info:   FPUnit: 6 code (BP) slots and 2 literal slots
* JLink Info: Found Cortex-M4 r0p1, Little endian.
Application running ...
piling DetSlaveBackupMenuDlg.c...
compiling BlastRecorderDetailedDlg.c...
compiling BlastRecorderDetInfoListDlg.c...
compiling BlastRecorderMasterBriefDlg.c...
compiling BlastRecorderSlaveInfoListDlg.c...
compiling ProgbarBlastDlg.c...
compiling ProgbarChargeDlg.c...
compiling ProgbarCompleteDlg.c...
compiling ProgbarQuickDlg.c...
compiling ProgbarQuickBeforeBlastDlg.c...
compiling ProgbarMaskRegDetDlg.c...
compiling DelaySampleProcessDelaySelDlg.c...
compiling DelaySampleProcessDelayInputDlg.c...
compiling DelaySampleProcessWaitRegDetDlg.c...
compiling DelaySampleProcessBlastDetDlg.c...
compiling DelaySampleProcessReadyConfirmDlg.c...
compiling DetBackupOperateTypeSelDlg.c...
compiling DetBackupOperateBlueTypeSelDlg.c...
compiling DetInfoInsertRangeInputDlg.c...
compiling DetInfoInsertStatusDlg.c...
compiling DetBlueInsertMenuDlg.c...
compiling NetInfoModifyMenuDlg.c...
compiling NetInfoModifyRangeInputDlg.c...
compiling BusErrorRestoreDlg.c...
compiling DetAnalystHighVoltageInputDlg.c...
compiling DetAnalystBlastDlg.c...
compiling DetCodeWriteMenuDlg.c...
compiling DetCodeWriteStatusDlg.c...
compiling WifiConnectDlg.c...
compiling MasterBlastDelaySetDlg.c...
compiling LogRecorderListViewDlg.c...
compiling LogUploadDlg.c...
compiling FileSystemFormatDlg.c...
compiling BlastCannelDlg.c...
compiling ColorSetDlg.c...
compiling WaitRegListViewDlg.c...
compiling RegParamMenuDlg.c...
compiling RegHoleParamInputDlg.c...
compiling RegHoleInsertInputDlg.c...
compiling DetTypeSetDlg.c...
compiling DetOutsideInputDlg.c...
compiling RegDetOutsideInputBatchDlg.c...
compiling RegDetFeatureInputForBarcodeDlg.c...
compiling DetAccreditErrorForDLDlg.c...
compiling SlaveAccreditErrorForDLDlg.c...
compiling BlastTerminationFromAppDlg.c...
compiling WaitPowerOffDlg.c...
compiling MasterTimeShareSetDlg.c...
compiling Delay.c...
compiling rtc.c...
compiling Charge.c...
compiling Power.c...
compiling LcdSSD1963.c...
compiling LcdDraw.c...
compiling slip.c...
compiling adc.c...
compiling SdCard.c...
compiling CRC16.c...
compiling usb.c...
compiling keyScan.c...
compiling sound.c...
compiling Package.c...
compiling Wifi.c...
compiling Flash.c...
compiling RS485.c...
compiling Bluetooth.c...
compiling DAC.c...
compiling LTC2942.c...
compiling I2C.c...
compiling Scan.c...
compiling DetHardware.c...
compiling BarCode.c...
compiling CRC8.c...
compiling XA3_DetCmd.c...
compiling gps.c...
compiling diskio.c...
compiling usbd_hid_core.c...
compiling usbh_hid_custom.c...
compiling GUIDRV_Template.c...
compiling GUI_X_UCOSII.c...
linking...
Program Size: Code=454228 RO-data=334460 RW-data=5840 ZI-data=76880  
FromELF: creating hex file...
".\obj\CPU.axf" - 0 Error(s), 0 Warning(s).
Load "D:\\翻译\\修改后版本\\XA3_Blaster_GPS\\KeilMDK\\obj\\CPU.axf" 
Set JLink Project File to "D:\翻译\修改后版本\XA3_Blaster_GPS\KeilMDK\JLinkSettings.ini"
* JLink Info: Device "STM32F407IG" selected (1024 KB flash, 128 KB RAM).
 
JLink info:
------------
DLL: V4.40b, compiled Dec 22 2011 10:54:45
Firmware: J-Link V9 compiled Sep  1 2016 18:29:50
Hardware: V9.60
S/N : 69613334 
Feature(s) : RDI, GDB, FlashDL, FlashBP, JFlash 
 
Error: Flash Download failed  -  Target DLL has been cancelled
Load "D:\\翻译\\修改后版本\\XA3_Blaster_GPS\\KeilMDK\\obj\\CPU.axf" 
Set JLink Project File to "D:\翻译\修改后版本\XA3_Blaster_GPS\KeilMDK\JLinkSettings.ini"
* JLink Info: Device "STM32F407IG" selected (1024 KB flash, 128 KB RAM).
 
JLink info:
------------
DLL: V4.40b, compiled Dec 22 2011 10:54:45
Firmware: J-Link V9 compiled Sep  1 2016 18:29:50
Hardware: V9.60
S/N : 69613334 
Feature(s) : RDI, GDB, FlashDL, FlashBP, JFlash 
 
* JLink Info: Found SWD-DP with ID 0x2BA01477
* JLink Info: TPIU fitted.
* JLink Info: ETM fitted.
* JLink Info:   FPUnit: 6 code (BP) slots and 2 literal slots
* JLink Info: Found Cortex-M4 r0p1, Little endian.
ROMTableAddr = 0xE00FF003
* JLink Info: Found SWD-DP with ID 0x2BA01477
* JLink Info: TPIU fitted.
* JLink Info: ETM fitted.
* JLink Info:   FPUnit: 6 code (BP) slots and 2 literal slots
* JLink Info: Found Cortex-M4 r0p1, Little endian.
 
Target info:
------------
Device: STM32F407IG
VTarget = 3.229V
State of Pins: 
TCK: 0, TDI: 0, TDO: 0, TMS: 1, TRES: 1, TRST: 0
Hardware-Breakpoints: 6
Software-Breakpoints: 8192
Watchpoints:          4
JTAG speed: 1000 kHz
 
Erase Done.
Programming Done.
Verify OK.
* JLink Info: Found SWD-DP with ID 0x2BA01477
* JLink Info: TPIU fitted.
* JLink Info: ETM fitted.
* JLink Info:   FPUnit: 6 code (BP) slots and 2 literal slots
* JLink Info: Found Cortex-M4 r0p1, Little endian.
Application running ...
ser\sound.c(168): error:  #20: identifier "SOUND_NORMAL" is undefined
                SoundData.Data[1].Type = SOUND_NORMAL;
..\User\sound.c(169): error:  #136: struct "<unnamed>" has no field "Data"
          SoundData.Data[1].Index = 0;
..\User\sound.c(170): error:  #136: struct "<unnamed>" has no field "Data"
                SoundData.Data[1].Size = sizeof(WavSoundData3);
..\User\sound.c(171): error:  #136: struct "<unnamed>" has no field "Data"
                SoundData.Data[1].Ptr = WavSoundData3;  
..\User\sound.c(175): error:  #136: struct "<unnamed>" has no field "Index"
          SoundData.Index = 0;
..\User\sound.c(176): error:  #136: struct "<unnamed>" has no field "Count"
          SoundData.Count = 2;
..\User\sound.c(177): error:  #136: struct "<unnamed>" has no field "Data"
                SoundData.Data[0].Type = SOUND_SPECIFIC;
..\User\sound.c(177): error:  #20: identifier "SOUND_SPECIFIC" is undefined
                SoundData.Data[0].Type = SOUND_SPECIFIC;
..\User\sound.c(178): error:  #136: struct "<unnamed>" has no field "Data"
          SoundData.Data[0].Index = 0;
..\User\sound.c(179): error:  #136: struct "<unnamed>" has no field "Data"
                SoundData.Data[0].Size = 4410;//22050对应1秒
..\User\sound.c: 0 warnings, 30 errors
compiling Package.c...
compiling aes.c...
compiling Wifi.c...
compiling Flash.c...
compiling RS485.c...
compiling Bluetooth.c...
compiling DAC.c...
compiling LTC2942.c...
compiling I2C.c...
compiling Scan.c...
compiling DetHardware.c...
compiling BarCode.c...
compiling base64.c...
compiling CRC8.c...
compiling XA3_DetCmd.c...
compiling gps.c...
compiling misc.c...
compiling stm32f4xx_gpio.c...
compiling stm32f4xx_rcc.c...
compiling stm32f4xx_fsmc.c...
compiling stm32f4xx_rtc.c...
compiling stm32f4xx_pwr.c...
compiling stm32f4xx_i2c.c...
compiling stm32f4xx_exti.c...
compiling stm32f4xx_syscfg.c...
compiling stm32f4xx_usart.c...
compiling stm32f4xx_tim.c...
compiling stm32f4xx_adc.c...
compiling stm32f4xx_sdio.c...
compiling stm32f4xx_dma.c...
compiling stm32f4xx_flash.c...
compiling stm32f4xx_spi.c...
compiling stm32f4xx_dac.c...
compiling system_stm32f4xx.c...
assembling startup_stm32f40_41xxx.s...
assembling os_cpu_a.asm...
compiling os_cpu_c.c...
compiling os_tmr.c...
compiling os_time.c...
compiling os_task.c...
compiling os_sem.c...
compiling os_q.c...
compiling os_mutex.c...
compiling os_mem.c...
compiling os_mbox.c...
compiling os_flag.c...
compiling os_core.c...
compiling diskio.c...
compiling ff.c...
compiling cc936.c...
compiling usbd_core.c...
compiling usbd_ioreq.c...
compiling usbd_req.c...
compiling usbd_hid_core.c...
compiling usbd_msc_bot.c...
compiling usbd_msc_core.c...
compiling usbd_msc_data.c...
compiling usbd_msc_scsi.c...
compiling usb_core.c...
compiling usb_dcd.c...
compiling usb_dcd_int.c...
compiling usb_hcd.c...
compiling usb_hcd_int.c...
compiling usbh_hid_core.c...
compiling usbh_hid_custom.c...
compiling usbh_core.c...
compiling usbh_hcs.c...
compiling usbh_ioreq.c...
compiling usbh_stdreq.c...
compiling usb_bsp.c...
compiling usbd_hid_desc.c...
compiling usbd_msc_desc.c...
compiling usbd_storage_msd.c...
compiling usbd_usr.c...
compiling usbh_usr.c...
compiling GUIConf.c...
compiling GUIDRV_Template.c...
compiling LCDConf_FlexColor_Template.c...
compiling GUI_X_UCOSII.c...
compiling SongTi16.c...
compiling SongTi24.c...
compiling SongTi48.c...
compiling Logo00.c...
compiling Logo34.c...
".\obj\CPU.axf" - 30 Error(s), 0 Warning(s).
Target not created
